<?xml version="1.0" encoding="UTF-8"?>
<!-- Generated by org.testng.reporters.JUnitReportReporter -->
<testsuite skipped="0" hostname="WIN-GEDESCREUP8" name="test_package.jenkins_github_integretion" tests="1" failures="0" timestamp="24 Apr 2018 18:34:30 GMT" time="5.099" errors="0">
  <testcase name="mest" time="5.099" classname="test_package.jenkins_github_integretion"/>
</testsuite> <!-- test_package.jenkins_github_integretion -->
